Arguments: 
  C:\Users\csp8fe\AppData\Local\Node\node.exe C:\Users\csp8fe\AppData\Local\Node\node_modules\yarn\bin\yarn.js add vscode

PATH: 
  C:\Oracle\Client\bin;C:\ProgramData\Oracle\Java\javapath;C:\WINDOWS\system32;C:\WINDOWS;C:\WINDOWS\System32\Wbem;C:\WINDOWS\System32\WindowsPowerShell\v1.0\;C:\Program Files\7-Zip;C:\Program Files (x86)\Plantronics\Spokes3G\;C:\Program Files\Anaconda3;C:\Program Files\Anaconda3\Scripts;C:\WINDOWS\system32\config\systemprofile\.dnx\bin;C:\Program Files\Microsoft DNX\Dnvm\;C:\Program Files\Microsoft SQL Server\120\Tools\Binn\;C:\Program Files\Microsoft SQL Server\130\Tools\Binn\;C:\Program Files\7-Zip;C:\Program Files\Git\cmd;C:\Users\csp8fe\AppData\Local\Microsoft\WindowsApps;C:\Users\csp8fe\AppData\Local\Oracle\instantclient_12_2;C:\Users\csp8fe\AppData\Local\px;C:\Users\csp8fe\AppData\Local\VSCode;C:\Users\csp8fe\AppData\Local\Node;C:\Users\csp8fe\AppData\Local\Programs\Git\cmd;C:\Users\csp8fe\AppData\Local\Programs\Git\mingw64\bin;C:\Users\csp8fe\AppData\Local\Programs\Git\usr\bin;C:\Users\csp8fe\AppData\Local\Yarn\bin;

Yarn version: 
  1.6.0

Node version: 
  9.5.0

Platform: 
  win32 x64

Trace: 
  Error: connect ECONNREFUSED 127.0.0.1:3128
      at Object._errnoException (util.js:1003:13)
      at _exceptionWithHostPort (util.js:1024:20)
      at TCPConnectWrap.afterConnect [as oncomplete] (net.js:1195:14)

npm manifest: 
  {
  	"name": "lsp-sample-server",
  	"description": "Example implementation of a language server in node.",
  	"version": "1.0.0",
  	"author": "Microsoft Corporation",
  	"license": "MIT",
  	"engines": {
  		"node": "*"
  	},
  	"repository": {
  		"type": "git",
  		"url": "https://github.com/Microsoft/vscode-extension-samples"
  	},
  	"dependencies": {
  		"vscode-languageserver": "^4.1.3"
  	},
  	"scripts": {}
  }

yarn manifest: 
  No manifest

Lockfile: 
  # THIS IS AN AUTOGENERATED FILE. DO NOT EDIT THIS FILE DIRECTLY.
  # yarn lockfile v1
  
  
  vscode-jsonrpc@^3.6.2:
    version "3.6.2"
    resolved "https://registry.yarnpkg.com/vscode-jsonrpc/-/vscode-jsonrpc-3.6.2.tgz#3b5eef691159a15556ecc500e9a8a0dd143470c8"
  
  vscode-languageserver-protocol@^3.8.1:
    version "3.8.1"
    resolved "https://registry.yarnpkg.com/vscode-languageserver-protocol/-/vscode-languageserver-protocol-3.8.1.tgz#ee3ce042f7f49f559a6a552e3f505001fa565154"
    dependencies:
      vscode-jsonrpc "^3.6.2"
      vscode-languageserver-types "^3.8.1"
  
  vscode-languageserver-types@^3.8.1:
    version "3.8.2"
    resolved "https://registry.yarnpkg.com/vscode-languageserver-types/-/vscode-languageserver-types-3.8.2.tgz#2550b8d852195328a735c56dbf4e72b8da31613f"
  
  vscode-languageserver@^4.1.3:
    version "4.2.1"
    resolved "https://registry.yarnpkg.com/vscode-languageserver/-/vscode-languageserver-4.2.1.tgz#96b60785c299ba5eed22173a0f9cc64c8f5fda4d"
    dependencies:
      vscode-languageserver-protocol "^3.8.1"
      vscode-uri "^1.0.3"
  
  vscode-uri@^1.0.3:
    version "1.0.5"
    resolved "https://registry.yarnpkg.com/vscode-uri/-/vscode-uri-1.0.5.tgz#3b899a8ef71c37f3054d79bdbdda31c7bf36f20d"
